d:\git\unimrcp\unimrcp-1.6.0\debug\plugin\alisynth.lib
d:\git\unimrcp\unimrcp-1.6.0\debug\plugin\alisynth.exp
d:\git\unimrcp\unimrcp-1.6.0\plugins\alisynth\debug\vc140.pdb
d:\git\unimrcp\unimrcp-1.6.0\plugins\alisynth\debug\vc140.idb
d:\git\unimrcp\unimrcp-1.6.0\plugins\alisynth\debug\ali_synthchannel.obj
d:\git\unimrcp\unimrcp-1.6.0\plugins\alisynth\debug\ali_synthchannelfactory.obj
d:\git\unimrcp\unimrcp-1.6.0\plugins\alisynth\debug\ali_synthengine.obj
d:\git\unimrcp\unimrcp-1.6.0\plugins\alisynth\debug\ali_synth_engine.obj
d:\git\unimrcp\unimrcp-1.6.0\plugins\alisynth\debug\ali_synth_pool.obj
d:\git\unimrcp\unimrcp-1.6.0\plugins\alisynth\debug\ali_synth_util.obj
d:\git\unimrcp\unimrcp-1.6.0\debug\plugin\alisynth.ilk
d:\git\unimrcp\unimrcp-1.6.0\debug\plugin\alisynth.dll
d:\git\unimrcp\unimrcp-1.6.0\debug\plugin\alisynth.pdb
d:\git\unimrcp\unimrcp-1.6.0\plugins\alisynth\debug\alisynth.tlog\alisynth.write.1u.tlog
d:\git\unimrcp\unimrcp-1.6.0\plugins\alisynth\debug\alisynth.tlog\cl.command.1.tlog
d:\git\unimrcp\unimrcp-1.6.0\plugins\alisynth\debug\alisynth.tlog\cl.read.1.tlog
d:\git\unimrcp\unimrcp-1.6.0\plugins\alisynth\debug\alisynth.tlog\cl.write.1.tlog
d:\git\unimrcp\unimrcp-1.6.0\plugins\alisynth\debug\alisynth.tlog\link.command.1.tlog
d:\git\unimrcp\unimrcp-1.6.0\plugins\alisynth\debug\alisynth.tlog\link.read.1.tlog
d:\git\unimrcp\unimrcp-1.6.0\plugins\alisynth\debug\alisynth.tlog\link.write.1.tlog
