d:\src\unimrcp\new\unimrcp-1.6.0\debug\plugin\alirecog.lib
d:\src\unimrcp\new\unimrcp-1.6.0\debug\plugin\alirecog.exp
d:\src\unimrcp\new\unimrcp-1.6.0\plugins\alirecog\debug\vc140.pdb
d:\src\unimrcp\new\unimrcp-1.6.0\plugins\alirecog\debug\vc140.idb
d:\src\unimrcp\new\unimrcp-1.6.0\plugins\alirecog\debug\ali_recogchannel.obj
d:\src\unimrcp\new\unimrcp-1.6.0\plugins\alirecog\debug\ali_recogchannelfactory.obj
d:\src\unimrcp\new\unimrcp-1.6.0\plugins\alirecog\debug\ali_recogengine.obj
d:\src\unimrcp\new\unimrcp-1.6.0\plugins\alirecog\debug\ali_recogpool.obj
d:\src\unimrcp\new\unimrcp-1.6.0\plugins\alirecog\debug\ali_recogutil.obj
d:\src\unimrcp\new\unimrcp-1.6.0\plugins\alirecog\debug\ali_recog_engine.obj
d:\src\unimrcp\new\unimrcp-1.6.0\debug\plugin\alirecog.ilk
d:\src\unimrcp\new\unimrcp-1.6.0\debug\plugin\alirecog.dll
d:\src\unimrcp\new\unimrcp-1.6.0\debug\plugin\alirecog.pdb
d:\src\unimrcp\new\unimrcp-1.6.0\plugins\alirecog\debug\alirecog.tlog\alirecog.write.1u.tlog
d:\src\unimrcp\new\unimrcp-1.6.0\plugins\alirecog\debug\alirecog.tlog\cl.command.1.tlog
d:\src\unimrcp\new\unimrcp-1.6.0\plugins\alirecog\debug\alirecog.tlog\cl.read.1.tlog
d:\src\unimrcp\new\unimrcp-1.6.0\plugins\alirecog\debug\alirecog.tlog\cl.write.1.tlog
d:\src\unimrcp\new\unimrcp-1.6.0\plugins\alirecog\debug\alirecog.tlog\link.command.1.tlog
d:\src\unimrcp\new\unimrcp-1.6.0\plugins\alirecog\debug\alirecog.tlog\link.read.1.tlog
d:\src\unimrcp\new\unimrcp-1.6.0\plugins\alirecog\debug\alirecog.tlog\link.write.1.tlog
