d:\src\unimrcp\new\unimrcp-1.6.0\debug\plugin\alirecorg.lib
d:\src\unimrcp\new\unimrcp-1.6.0\debug\plugin\alirecorg.exp
d:\src\unimrcp\new\unimrcp-1.6.0\plugins\alirecorg\debug\vc140.pdb
d:\src\unimrcp\new\unimrcp-1.6.0\plugins\alirecorg\debug\vc140.idb
d:\src\unimrcp\new\unimrcp-1.6.0\plugins\alirecorg\debug\ali_recogchannel.obj
d:\src\unimrcp\new\unimrcp-1.6.0\plugins\alirecorg\debug\ali_recogchannelfactory.obj
d:\src\unimrcp\new\unimrcp-1.6.0\plugins\alirecorg\debug\ali_recogengine.obj
d:\src\unimrcp\new\unimrcp-1.6.0\plugins\alirecorg\debug\ali_recogpool.obj
d:\src\unimrcp\new\unimrcp-1.6.0\plugins\alirecorg\debug\ali_recogutil.obj
d:\src\unimrcp\new\unimrcp-1.6.0\plugins\alirecorg\debug\ali_recog_engine.obj
d:\src\unimrcp\new\unimrcp-1.6.0\debug\plugin\alirecorg.ilk
d:\src\unimrcp\new\unimrcp-1.6.0\debug\plugin\alirecorg.dll
d:\src\unimrcp\new\unimrcp-1.6.0\debug\plugin\alirecorg.pdb
d:\src\unimrcp\new\unimrcp-1.6.0\plugins\alirecorg\debug\alirecorg.tlog\alirecorg.write.1u.tlog
d:\src\unimrcp\new\unimrcp-1.6.0\plugins\alirecorg\debug\alirecorg.tlog\cl.command.1.tlog
d:\src\unimrcp\new\unimrcp-1.6.0\plugins\alirecorg\debug\alirecorg.tlog\cl.read.1.tlog
d:\src\unimrcp\new\unimrcp-1.6.0\plugins\alirecorg\debug\alirecorg.tlog\cl.write.1.tlog
d:\src\unimrcp\new\unimrcp-1.6.0\plugins\alirecorg\debug\alirecorg.tlog\link.command.1.tlog
d:\src\unimrcp\new\unimrcp-1.6.0\plugins\alirecorg\debug\alirecorg.tlog\link.read.1.tlog
d:\src\unimrcp\new\unimrcp-1.6.0\plugins\alirecorg\debug\alirecorg.tlog\link.write.1.tlog
